<?xml version="1.0" encoding="UTF-8"?>
<!-- Generated by org.testng.reporters.JUnitReportReporter -->
<testsuite hostname="BLRPC678" failures="0" tests="1" name="dynamicWebTable.Xpath_axes" time="1.780" errors="1" timestamp="25 Apr 2021 00:37:53 GMT">
  <testcase classname="dynamicWebTable.Xpath_axes" name="Xpathaxis" time="1.780">
    <error message="session not created: This version of ChromeDriver only supports Chrome version 87
Current browser version is 90.0.4430.85 with binary path C:\Program Files (x86)\Google\Chrome\Application\chrome.exe
Build info: version: &#039;3.141.59&#039;, revision: &#039;e82be7d358&#039;, time: &#039;2018-11-14T08:17:03&#039;
System info: host: &#039;BLRPC678&#039;, ip: &#039;10.85.7.11&#039;, os.name: &#039;Windows 10&#039;, os.arch: &#039;amd64&#039;, os.version: &#039;10.0&#039;, java.version: &#039;15.0.1&#039;
Driver info: driver.version: ChromeDriver
remote stacktrace: Backtrace:
	Ordinal0 [0x0072C0C3+3326147]
	Ordinal0 [0x00610851+2164817]
	Ordinal0 [0x00497298+619160]
	Ordinal0 [0x00411D92+73106]
	Ordinal0 [0x0040E119+57625]
	Ordinal0 [0x0040C38A+50058]
	Ordinal0 [0x00435F3E+220990]
	Ordinal0 [0x00435CAC+220332]
	Ordinal0 [0x0043189B+202907]
	Ordinal0 [0x00413DF4+81396]
	Ordinal0 [0x00414DEE+85486]
	Ordinal0 [0x00414D79+85369]
	Ordinal0 [0x006285DC+2262492]
	GetHandleVerifier [0x008B2874+1487204]
	GetHandleVerifier [0x008B23CD+1486013]
	GetHandleVerifier [0x008BA368+1518680]
	GetHandleVerifier [0x008B2F4E+1488958]
	Ordinal0 [0x0061ED0D+2223373]
	Ordinal0 [0x0062A12B+2269483]
	Ordinal0 [0x0062A26F+2269807]
	Ordinal0 [0x0063ECB8+2354360]
	BaseThreadInitThunk [0x769FFA29+25]
	RtlGetAppContainerNamedObjectPath [0x77777C7E+286]
	RtlGetAppContainerNamedObjectPath [0x77777C4E+238]
" type="org.openqa.selenium.SessionNotCreatedException">
      <![CDATA[org.openqa.selenium.SessionNotCreatedException: session not created: This version of ChromeDriver only supports Chrome version 87
Current browser version is 90.0.4430.85 with binary path C:\Program Files (x86)\Google\Chrome\Application\chrome.exe
Build info: version: '3.141.59', revision: 'e82be7d358', time: '2018-11-14T08:17:03'
System info: host: 'BLRPC678', ip: '10.85.7.11', os.name: 'Windows 10', os.arch: 'amd64', os.version: '10.0', java.version: '15.0.1'
Driver info: driver.version: ChromeDriver
remote stacktrace: Backtrace:
	Ordinal0 [0x0072C0C3+3326147]
	Ordinal0 [0x00610851+2164817]
	Ordinal0 [0x00497298+619160]
	Ordinal0 [0x00411D92+73106]
	Ordinal0 [0x0040E119+57625]
	Ordinal0 [0x0040C38A+50058]
	Ordinal0 [0x00435F3E+220990]
	Ordinal0 [0x00435CAC+220332]
	Ordinal0 [0x0043189B+202907]
	Ordinal0 [0x00413DF4+81396]
	Ordinal0 [0x00414DEE+85486]
	Ordinal0 [0x00414D79+85369]
	Ordinal0 [0x006285DC+2262492]
	GetHandleVerifier [0x008B2874+1487204]
	GetHandleVerifier [0x008B23CD+1486013]
	GetHandleVerifier [0x008BA368+1518680]
	GetHandleVerifier [0x008B2F4E+1488958]
	Ordinal0 [0x0061ED0D+2223373]
	Ordinal0 [0x0062A12B+2269483]
	Ordinal0 [0x0062A26F+2269807]
	Ordinal0 [0x0063ECB8+2354360]
	BaseThreadInitThunk [0x769FFA29+25]
	RtlGetAppContainerNamedObjectPath [0x77777C7E+286]
	RtlGetAppContainerNamedObjectPath [0x77777C4E+238]

	at java.base/jdk.internal.reflect.NativeConstructorAccessorImpl.newInstance0(Native Method)
	at java.base/jdk.internal.reflect.NativeConstructorAccessorImpl.newInstance(NativeConstructorAccessorImpl.java:64)
	at java.base/jdk.internal.reflect.DelegatingConstructorAccessorImpl.newInstance(DelegatingConstructorAccessorImpl.java:45)
	at java.base/java.lang.reflect.Constructor.newInstanceWithCaller(Constructor.java:500)
	at java.base/java.lang.reflect.Constructor.newInstance(Constructor.java:481)
	at org.openqa.selenium.remote.W3CHandshakeResponse.lambda$errorHandler$0(W3CHandshakeResponse.java:62)
	at org.openqa.selenium.remote.HandshakeResponse.lambda$getResponseFunction$0(HandshakeResponse.java:30)
	at org.openqa.selenium.remote.ProtocolHandshake.lambda$createSession$0(ProtocolHandshake.java:126)
	at java.base/java.util.stream.ReferencePipeline$3$1.accept(ReferencePipeline.java:195)
	at java.base/java.util.Spliterators$ArraySpliterator.tryAdvance(Spliterators.java:958)
	at java.base/java.util.stream.ReferencePipeline.forEachWithCancel(ReferencePipeline.java:127)
	at java.base/java.util.stream.AbstractPipeline.copyIntoWithCancel(AbstractPipeline.java:502)
	at java.base/java.util.stream.AbstractPipeline.copyInto(AbstractPipeline.java:488)
	at java.base/java.util.stream.AbstractPipeline.wrapAndCopyInto(AbstractPipeline.java:474)
	at java.base/java.util.stream.FindOps$FindOp.evaluateSequential(FindOps.java:150)
	at java.base/java.util.stream.AbstractPipeline.evaluate(AbstractPipeline.java:234)
	at java.base/java.util.stream.ReferencePipeline.findFirst(ReferencePipeline.java:543)
	at org.openqa.selenium.remote.ProtocolHandshake.createSession(ProtocolHandshake.java:128)
	at org.openqa.selenium.remote.ProtocolHandshake.createSession(ProtocolHandshake.java:74)
	at org.openqa.selenium.remote.HttpCommandExecutor.execute(HttpCommandExecutor.java:136)
	at org.openqa.selenium.remote.service.DriverCommandExecutor.execute(DriverCommandExecutor.java:83)
	at org.openqa.selenium.remote.RemoteWebDriver.execute(RemoteWebDriver.java:552)
	at org.openqa.selenium.remote.RemoteWebDriver.startSession(RemoteWebDriver.java:213)
	at org.openqa.selenium.remote.RemoteWebDriver.<init>(RemoteWebDriver.java:131)
	at org.openqa.selenium.chrome.ChromeDriver.<init>(ChromeDriver.java:181)
	at org.openqa.selenium.chrome.ChromeDriver.<init>(ChromeDriver.java:168)
	at org.openqa.selenium.chrome.ChromeDriver.<init>(ChromeDriver.java:123)
	at dynamicWebTable.Xpath_axes.Xpathaxis(Xpath_axes.java:16)
	at java.base/jdk.internal.reflect.NativeMethodAccessorImpl.invoke0(Native Method)
	at java.base/jdk.internal.reflect.NativeMethodAccessorImpl.invoke(NativeMethodAccessorImpl.java:64)
	at java.base/jdk.internal.reflect.DelegatingMethodAccessorImpl.invoke(DelegatingMethodAccessorImpl.java:43)
	at java.base/java.lang.reflect.Method.invoke(Method.java:564)
	at org.testng.internal.MethodInvocationHelper.invokeMethod(MethodInvocationHelper.java:86)
	at org.testng.internal.Invoker.invokeMethod(Invoker.java:645)
	at org.testng.internal.Invoker.invokeTestMethod(Invoker.java:822)
	at org.testng.internal.Invoker.invokeTestMethods(Invoker.java:1130)
	at org.testng.internal.TestMethodWorker.invokeTestMethods(TestMethodWorker.java:129)
	at org.testng.internal.TestMethodWorker.run(TestMethodWorker.java:112)
	at org.testng.TestRunner.privateRun(TestRunner.java:782)
	at org.testng.TestRunner.run(TestRunner.java:632)
	at org.testng.SuiteRunner.runTest(SuiteRunner.java:366)
	at org.testng.SuiteRunner.runSequentially(SuiteRunner.java:361)
	at org.testng.SuiteRunner.privateRun(SuiteRunner.java:319)
	at org.testng.SuiteRunner.run(SuiteRunner.java:268)
	at org.testng.SuiteRunnerWorker.runSuite(SuiteRunnerWorker.java:52)
	at org.testng.SuiteRunnerWorker.run(SuiteRunnerWorker.java:86)
	at org.testng.TestNG.runSuitesSequentially(TestNG.java:1244)
	at org.testng.TestNG.runSuitesLocally(TestNG.java:1169)
	at org.testng.TestNG.run(TestNG.java:1064)
	at org.testng.remote.RemoteTestNG.run(RemoteTestNG.java:113)
	at org.testng.remote.RemoteTestNG.initAndRun(RemoteTestNG.java:206)
	at org.testng.remote.RemoteTestNG.main(RemoteTestNG.java:177)
]]>
    </error>
  </testcase> <!-- Xpathaxis -->
</testsuite> <!-- dynamicWebTable.Xpath_axes -->
